  Lqueue.c
c:\program files (x86)\microsoft visual studio\2017\community\vc\tools\msvc\14.14.26428\include\vadefs.h(30): error C2085: “uintptr_t”: 不在形参表中
c:\program files (x86)\microsoft visual studio\2017\community\vc\tools\msvc\14.14.26428\include\vadefs.h(39): error C2085: “va_list”: 不在形参表中
c:\program files (x86)\microsoft visual studio\2017\community\vc\tools\msvc\14.14.26428\include\vcruntime.h(184): error C2085: “size_t”: 不在形参表中
c:\program files (x86)\microsoft visual studio\2017\community\vc\tools\msvc\14.14.26428\include\vcruntime.h(185): error C2085: “ptrdiff_t”: 不在形参表中
c:\program files (x86)\microsoft visual studio\2017\community\vc\tools\msvc\14.14.26428\include\vcruntime.h(186): error C2085: “intptr_t”: 不在形参表中
c:\program files (x86)\microsoft visual studio\2017\community\vc\tools\msvc\14.14.26428\include\vcruntime.h(196): error C2085: “__vcrt_bool”: 不在形参表中
c:\program files (x86)\microsoft visual studio\2017\community\vc\tools\msvc\14.14.26428\include\vcruntime.h(215): error C2085: “wchar_t”: 不在形参表中
c:\program files (x86)\microsoft visual studio\2017\community\vc\tools\msvc\14.14.26428\include\vcruntime.h(277): error C2085: “__security_init_cookie”: 不在形参表中
c:\program files (x86)\microsoft visual studio\2017\community\vc\tools\msvc\14.14.26428\include\vcruntime.h(280): error C2146: 语法错误: 缺少“)”(在标识符“_StackCookie”的前面)
c:\program files (x86)\microsoft visual studio\2017\community\vc\tools\msvc\14.14.26428\include\vcruntime.h(280): error C2085: “__security_check_cookie”: 不在形参表中
c:\program files (x86)\microsoft visual studio\2017\community\vc\tools\msvc\14.14.26428\include\vcruntime.h(280): error C2146: 语法错误: 缺少“,”(在标识符“_StackCookie”的前面)
c:\program files (x86)\microsoft visual studio\2017\community\vc\tools\msvc\14.14.26428\include\vcruntime.h(280): error C2059: 语法错误:“)”
c:\program files (x86)\microsoft visual studio\2017\community\vc\tools\msvc\14.14.26428\include\vcruntime.h(281): error C2085: “__report_gsfailure”: 不在形参表中
c:\program files (x86)\microsoft visual studio\2017\community\vc\tools\msvc\14.14.26428\include\vcruntime.h(288): error C2085: “uintptr_t”: 不在形参表中
c:\program files (x86)\microsoft visual studio\2017\community\vc\tools\msvc\14.14.26428\include\vcruntime.h(288): error C2146: 语法错误: 缺少“,”(在标识符“__security_cookie”的前面)
c:\program files (x86)\windows kits\10\include\10.0.17134.0\ucrt\corecrt.h(145): error C2085: “__crt_bool”: 不在形参表中
c:\program files (x86)\windows kits\10\include\10.0.17134.0\ucrt\corecrt.h(245): error C2143: 语法错误: 缺少“)”(在“const”的前面)
c:\program files (x86)\windows kits\10\include\10.0.17134.0\ucrt\corecrt.h(245): error C2085: “_invalid_parameter”: 不在形参表中
c:\program files (x86)\windows kits\10\include\10.0.17134.0\ucrt\corecrt.h(245): error C2143: 语法错误: 缺少“;”(在“const”的前面)
c:\program files (x86)\windows kits\10\include\10.0.17134.0\ucrt\corecrt.h(250): error C2059: 语法错误:“)”
c:\program files (x86)\windows kits\10\include\10.0.17134.0\ucrt\corecrt.h(258): error C2143: 语法错误: 缺少“)”(在“const”的前面)
c:\program files (x86)\windows kits\10\include\10.0.17134.0\ucrt\corecrt.h(258): error C2143: 语法错误: 缺少“{”(在“const”的前面)
c:\program files (x86)\windows kits\10\include\10.0.17134.0\ucrt\corecrt.h(259): error C2143: 语法错误: 缺少“;”(在“const”的前面)
c:\program files (x86)\windows kits\10\include\10.0.17134.0\ucrt\corecrt.h(262): error C2059: 语法错误:“)”
c:\program files (x86)\windows kits\10\include\10.0.17134.0\ucrt\corecrt.h(533): error C2061: 语法错误: 标识符“rsize_t”
c:\program files (x86)\windows kits\10\include\10.0.17134.0\ucrt\corecrt.h(533): error C2059: 语法错误:“;”
c:\program files (x86)\windows kits\10\include\10.0.17134.0\ucrt\corecrt_malloc.h(56): error C2146: 语法错误: 缺少“)”(在标识符“_Count”的前面)
c:\program files (x86)\windows kits\10\include\10.0.17134.0\ucrt\corecrt_malloc.h(56): error C2061: 语法错误: 标识符“_Count”
c:\program files (x86)\windows kits\10\include\10.0.17134.0\ucrt\corecrt_malloc.h(56): error C2059: 语法错误:“;”
c:\program files (x86)\windows kits\10\include\10.0.17134.0\ucrt\corecrt_malloc.h(56): error C2059: 语法错误:“,”
c:\program files (x86)\windows kits\10\include\10.0.17134.0\ucrt\corecrt_malloc.h(58): error C2059: 语法错误:“)”
c:\program files (x86)\windows kits\10\include\10.0.17134.0\ucrt\corecrt_malloc.h(63): error C2146: 语法错误: 缺少“)”(在标识符“_Count”的前面)
c:\program files (x86)\windows kits\10\include\10.0.17134.0\ucrt\corecrt_malloc.h(63): error C2061: 语法错误: 标识符“_Count”
c:\program files (x86)\windows kits\10\include\10.0.17134.0\ucrt\corecrt_malloc.h(63): error C2059: 语法错误:“;”
c:\program files (x86)\windows kits\10\include\10.0.17134.0\ucrt\corecrt_malloc.h(63): error C2059: 语法错误:“,”
c:\program files (x86)\windows kits\10\include\10.0.17134.0\ucrt\corecrt_malloc.h(65): error C2059: 语法错误:“)”
c:\program files (x86)\windows kits\10\include\10.0.17134.0\ucrt\corecrt_malloc.h(69): error C2146: 语法错误: 缺少“)”(在标识符“_Size”的前面)
c:\program files (x86)\windows kits\10\include\10.0.17134.0\ucrt\corecrt_malloc.h(69): error C2061: 语法错误: 标识符“_Size”
c:\program files (x86)\windows kits\10\include\10.0.17134.0\ucrt\corecrt_malloc.h(69): error C2059: 语法错误:“;”
c:\program files (x86)\windows kits\10\include\10.0.17134.0\ucrt\corecrt_malloc.h(70): error C2059: 语法错误:“)”
c:\program files (x86)\windows kits\10\include\10.0.17134.0\ucrt\corecrt_malloc.h(76): error C2146: 语法错误: 缺少“)”(在标识符“_Size”的前面)
c:\program files (x86)\windows kits\10\include\10.0.17134.0\ucrt\corecrt_malloc.h(76): error C2061: 语法错误: 标识符“_Size”
c:\program files (x86)\windows kits\10\include\10.0.17134.0\ucrt\corecrt_malloc.h(76): error C2059: 语法错误:“;”
c:\program files (x86)\windows kits\10\include\10.0.17134.0\ucrt\corecrt_malloc.h(77): error C2059: 语法错误:“)”
c:\program files (x86)\windows kits\10\include\10.0.17134.0\ucrt\corecrt_malloc.h(92): error C2146: 语法错误: 缺少“)”(在标识符“_Size”的前面)
c:\program files (x86)\windows kits\10\include\10.0.17134.0\ucrt\corecrt_malloc.h(92): error C2061: 语法错误: 标识符“_Size”
c:\program files (x86)\windows kits\10\include\10.0.17134.0\ucrt\corecrt_malloc.h(92): error C2059: 语法错误:“;”
c:\program files (x86)\windows kits\10\include\10.0.17134.0\ucrt\corecrt_malloc.h(93): error C2059: 语法错误:“)”
c:\program files (x86)\windows kits\10\include\10.0.17134.0\ucrt\corecrt_malloc.h(98): error C2146: 语法错误: 缺少“)”(在标识符“_Size”的前面)
c:\program files (x86)\windows kits\10\include\10.0.17134.0\ucrt\corecrt_malloc.h(98): error C2061: 语法错误: 标识符“_Size”
c:\program files (x86)\windows kits\10\include\10.0.17134.0\ucrt\corecrt_malloc.h(98): error C2059: 语法错误:“;”
c:\program files (x86)\windows kits\10\include\10.0.17134.0\ucrt\corecrt_malloc.h(99): error C2059: 语法错误:“)”
c:\program files (x86)\windows kits\10\include\10.0.17134.0\ucrt\corecrt_malloc.h(103): error C2143: 语法错误: 缺少“{”(在“__cdecl”的前面)
c:\program files (x86)\windows kits\10\include\10.0.17134.0\ucrt\corecrt_malloc.h(109): error C2143: 语法错误: 缺少“{”(在“__cdecl”的前面)
c:\program files (x86)\windows kits\10\include\10.0.17134.0\ucrt\corecrt_malloc.h(117): error C2146: 语法错误: 缺少“)”(在标识符“_Size”的前面)
c:\program files (x86)\windows kits\10\include\10.0.17134.0\ucrt\corecrt_malloc.h(117): error C2081: “size_t”: 形参表中的名称非法
c:\program files (x86)\windows kits\10\include\10.0.17134.0\ucrt\corecrt_malloc.h(117): error C2061: 语法错误: 标识符“_Size”
c:\program files (x86)\windows kits\10\include\10.0.17134.0\ucrt\corecrt_malloc.h(117): error C2059: 语法错误:“;”
c:\program files (x86)\windows kits\10\include\10.0.17134.0\ucrt\corecrt_malloc.h(118): error C2059: 语法错误:“)”
c:\program files (x86)\windows kits\10\include\10.0.17134.0\ucrt\corecrt_malloc.h(124): error C2146: 语法错误: 缺少“)”(在标识符“_Size”的前面)
c:\program files (x86)\windows kits\10\include\10.0.17134.0\ucrt\corecrt_malloc.h(124): error C2061: 语法错误: 标识符“_Size”
c:\program files (x86)\windows kits\10\include\10.0.17134.0\ucrt\corecrt_malloc.h(124): error C2059: 语法错误:“;”
c:\program files (x86)\windows kits\10\include\10.0.17134.0\ucrt\corecrt_malloc.h(125): error C2059: 语法错误:“)”
c:\program files (x86)\windows kits\10\include\10.0.17134.0\ucrt\corecrt_malloc.h(131): error C2146: 语法错误: 缺少“)”(在标识符“_Count”的前面)
c:\program files (x86)\windows kits\10\include\10.0.17134.0\ucrt\corecrt_malloc.h(131): error C2081: “size_t”: 形参表中的名称非法
c:\program files (x86)\windows kits\10\include\10.0.17134.0\ucrt\corecrt_malloc.h(131): error C2061: 语法错误: 标识符“_Count”
c:\program files (x86)\windows kits\10\include\10.0.17134.0\ucrt\corecrt_malloc.h(131): error C2059: 语法错误:“;”
c:\program files (x86)\windows kits\10\include\10.0.17134.0\ucrt\corecrt_malloc.h(131): error C2059: 语法错误:“,”
c:\program files (x86)\windows kits\10\include\10.0.17134.0\ucrt\corecrt_malloc.h(133): error C2059: 语法错误:“)”
c:\program files (x86)\windows kits\10\include\10.0.17134.0\ucrt\corecrt_malloc.h(139): error C2146: 语法错误: 缺少“)”(在标识符“_Count”的前面)
c:\program files (x86)\windows kits\10\include\10.0.17134.0\ucrt\corecrt_malloc.h(139): error C2061: 语法错误: 标识符“_Count”
c:\program files (x86)\windows kits\10\include\10.0.17134.0\ucrt\corecrt_malloc.h(139): error C2059: 语法错误:“;”
c:\program files (x86)\windows kits\10\include\10.0.17134.0\ucrt\corecrt_malloc.h(139): error C2059: 语法错误:“,”
c:\program files (x86)\windows kits\10\include\10.0.17134.0\ucrt\corecrt_malloc.h(141): error C2059: 语法错误:“)”
c:\program files (x86)\windows kits\10\include\10.0.17134.0\ucrt\corecrt_malloc.h(151): error C2146: 语法错误: 缺少“)”(在标识符“_Size”的前面)
c:\program files (x86)\windows kits\10\include\10.0.17134.0\ucrt\corecrt_malloc.h(151): error C2061: 语法错误: 标识符“_Size”
c:\program files (x86)\windows kits\10\include\10.0.17134.0\ucrt\corecrt_malloc.h(151): error C2059: 语法错误:“;”
c:\program files (x86)\windows kits\10\include\10.0.17134.0\ucrt\corecrt_malloc.h(151): error C2059: 语法错误:“,”
c:\program files (x86)\windows kits\10\include\10.0.17134.0\ucrt\corecrt_malloc.h(153): error C2059: 语法错误:“)”
c:\program files (x86)\windows kits\10\include\10.0.17134.0\ucrt\corecrt_malloc.h(158): error C2146: 语法错误: 缺少“)”(在标识符“_Size”的前面)
c:\program files (x86)\windows kits\10\include\10.0.17134.0\ucrt\corecrt_malloc.h(158): error C2061: 语法错误: 标识符“_Size”
c:\program files (x86)\windows kits\10\include\10.0.17134.0\ucrt\corecrt_malloc.h(158): error C2059: 语法错误:“;”
c:\program files (x86)\windows kits\10\include\10.0.17134.0\ucrt\corecrt_malloc.h(158): error C2059: 语法错误:“,”
c:\program files (x86)\windows kits\10\include\10.0.17134.0\ucrt\corecrt_malloc.h(161): error C2059: 语法错误:“)”
c:\program files (x86)\windows kits\10\include\10.0.17134.0\ucrt\corecrt_malloc.h(165): error C2143: 语法错误: 缺少“{”(在“__cdecl”的前面)
c:\program files (x86)\windows kits\10\include\10.0.17134.0\ucrt\corecrt_malloc.h(167): error C2146: 语法错误: 缺少“)”(在标识符“_Alignment”的前面)
c:\program files (x86)\windows kits\10\include\10.0.17134.0\ucrt\corecrt_malloc.h(167): error C2081: “size_t”: 形参表中的名称非法
c:\program files (x86)\windows kits\10\include\10.0.17134.0\ucrt\corecrt_malloc.h(167): error C2061: 语法错误: 标识符“_Alignment”
c:\program files (x86)\windows kits\10\include\10.0.17134.0\ucrt\corecrt_malloc.h(167): error C2059: 语法错误:“;”
c:\program files (x86)\windows kits\10\include\10.0.17134.0\ucrt\corecrt_malloc.h(167): error C2059: 语法错误:“,”
c:\program files (x86)\windows kits\10\include\10.0.17134.0\ucrt\corecrt_malloc.h(169): error C2059: 语法错误:“)”
c:\program files (x86)\windows kits\10\include\10.0.17134.0\ucrt\corecrt_malloc.h(175): error C2146: 语法错误: 缺少“)”(在标识符“_Size”的前面)
c:\program files (x86)\windows kits\10\include\10.0.17134.0\ucrt\corecrt_malloc.h(175): error C2061: 语法错误: 标识符“_Size”
c:\program files (x86)\windows kits\10\include\10.0.17134.0\ucrt\corecrt_malloc.h(175): error C2059: 语法错误:“;”
c:\program files (x86)\windows kits\10\include\10.0.17134.0\ucrt\corecrt_malloc.h(175): error C2059: 语法错误:“,”
c:\program files (x86)\windows kits\10\include\10.0.17134.0\ucrt\corecrt_malloc.h(178): error C2059: 语法错误:“)”
c:\program files (x86)\windows kits\10\include\10.0.17134.0\ucrt\corecrt_malloc.h(184): error C2146: 语法错误: 缺少“)”(在标识符“_Count”的前面)
c:\program files (x86)\windows kits\10\include\10.0.17134.0\ucrt\corecrt_malloc.h(184): error C2061: 语法错误: 标识符“_Count”
c:\program files (x86)\windows kits\10\include\10.0.17134.0\ucrt\corecrt_malloc.h(184): error C2059: 语法错误:“;”
c:\program files (x86)\windows kits\10\include\10.0.17134.0\ucrt\corecrt_malloc.h(184): error C2059: 语法错误:“,”
c:\program files (x86)\windows kits\10\include\10.0.17134.0\ucrt\corecrt_malloc.h(188): error C2059: 语法错误:“)”
c:\program files (x86)\windows kits\10\include\10.0.17134.0\ucrt\corecrt_malloc.h(188): fatal error C1003: 错误计数超过 100；正在停止编译
  main.c
c:\users\administrator\source\repos\lqueue\lqueue\main.c(6): error C2085: “main”: 不在形参表中
c:\users\administrator\source\repos\lqueue\lqueue\main.c(6): error C2143: 语法错误: 缺少“;”(在“{”的前面)
c:\users\administrator\source\repos\lqueue\lqueue\main.c(17): warning C4098: “ClearQueue”:“void”函数返回值
c:\users\administrator\source\repos\lqueue\lqueue\main.c(20): error C2082: 形参“q”的重定义
c:\users\administrator\source\repos\lqueue\lqueue\main.c(126): warning C4098: “ClearQueue”:“void”函数返回值
c:\users\administrator\source\repos\lqueue\lqueue\main.c(11): warning C4473: “scanf_s”: 没有为格式字符串传递足够的参数
  c:\users\administrator\source\repos\lqueue\lqueue\main.c(11): note: 占位符和其参数预计 2 可变参数，但提供的却是 1 参数
  c:\users\administrator\source\repos\lqueue\lqueue\main.c(11): note: 缺失的可变参数 2 为格式字符串“%c”所需
  c:\users\administrator\source\repos\lqueue\lqueue\main.c(11): note: 此参数用作缓冲区大小
c:\users\administrator\source\repos\lqueue\lqueue\main.c(53): warning C4473: “scanf_s”: 没有为格式字符串传递足够的参数
  c:\users\administrator\source\repos\lqueue\lqueue\main.c(53): note: 占位符和其参数预计 2 可变参数，但提供的却是 1 参数
  c:\users\administrator\source\repos\lqueue\lqueue\main.c(53): note: 缺失的可变参数 2 为格式字符串“%c”所需
  c:\users\administrator\source\repos\lqueue\lqueue\main.c(53): note: 此参数用作缓冲区大小
  正在生成代码...
