c:\users\programmerwei\source\repos\rendering a four pyramid\rendering a four pyramid\debug\vc141.pdb
c:\users\programmerwei\source\repos\rendering a four pyramid\rendering a four pyramid\debug\vc141.idb
c:\users\programmerwei\source\repos\rendering a four pyramid\rendering a four pyramid\debug\mouse.obj
c:\users\programmerwei\source\repos\rendering a four pyramid\rendering a four pyramid\debug\main.obj
c:\users\programmerwei\source\repos\rendering a four pyramid\rendering a four pyramid\debug\keyboard.obj
c:\users\programmerwei\source\repos\rendering a four pyramid\rendering a four pyramid\debug\gametimer.obj
c:\users\programmerwei\source\repos\rendering a four pyramid\rendering a four pyramid\debug\gameapp.obj
c:\users\programmerwei\source\repos\rendering a four pyramid\rendering a four pyramid\debug\dxtrace.obj
c:\users\programmerwei\source\repos\rendering a four pyramid\rendering a four pyramid\debug\d3dutil.obj
c:\users\programmerwei\source\repos\rendering a four pyramid\rendering a four pyramid\debug\d3dapp.obj
c:\users\programmerwei\source\repos\rendering a four pyramid\debug\fourpyramid_ps.cso
c:\users\programmerwei\source\repos\rendering a four pyramid\debug\fourpyramid_vs.cso
c:\users\programmerwei\source\repos\rendering a four pyramid\debug\rendering a four pyramid.ilk
c:\users\programmerwei\source\repos\rendering a four pyramid\debug\rendering a four pyramid.exe
c:\users\programmerwei\source\repos\rendering a four pyramid\debug\rendering a four pyramid.pdb
c:\users\programmerwei\source\repos\rendering a four pyramid\rendering a four pyramid\debug\renderin.fbc6e5e4.tlog\cl.command.1.tlog
c:\users\programmerwei\source\repos\rendering a four pyramid\rendering a four pyramid\debug\renderin.fbc6e5e4.tlog\cl.read.1.tlog
c:\users\programmerwei\source\repos\rendering a four pyramid\rendering a four pyramid\debug\renderin.fbc6e5e4.tlog\cl.write.1.tlog
c:\users\programmerwei\source\repos\rendering a four pyramid\rendering a four pyramid\debug\renderin.fbc6e5e4.tlog\fxc.command.1.tlog
c:\users\programmerwei\source\repos\rendering a four pyramid\rendering a four pyramid\debug\renderin.fbc6e5e4.tlog\fxc.read.1.tlog
c:\users\programmerwei\source\repos\rendering a four pyramid\rendering a four pyramid\debug\renderin.fbc6e5e4.tlog\fxc.write.1.tlog
c:\users\programmerwei\source\repos\rendering a four pyramid\rendering a four pyramid\debug\renderin.fbc6e5e4.tlog\link.command.1.tlog
c:\users\programmerwei\source\repos\rendering a four pyramid\rendering a four pyramid\debug\renderin.fbc6e5e4.tlog\link.read.1.tlog
c:\users\programmerwei\source\repos\rendering a four pyramid\rendering a four pyramid\debug\renderin.fbc6e5e4.tlog\link.write.1.tlog
