c:\users\programmerwei\desktop\绘制三角形\绘制三角形\debug\vc141.pdb
c:\users\programmerwei\desktop\绘制三角形\绘制三角形\debug\vc141.idb
c:\users\programmerwei\desktop\绘制三角形\绘制三角形\debug\main.obj
c:\users\programmerwei\desktop\绘制三角形\绘制三角形\debug\gametimer.obj
c:\users\programmerwei\desktop\绘制三角形\绘制三角形\debug\gameapp.obj
c:\users\programmerwei\desktop\绘制三角形\绘制三角形\debug\dxtrace.obj
c:\users\programmerwei\desktop\绘制三角形\绘制三角形\debug\d3dutil.obj
c:\users\programmerwei\desktop\绘制三角形\绘制三角形\debug\d3dapp.obj
c:\users\programmerwei\desktop\绘制三角形\debug\rectangle_vs.cso
c:\users\programmerwei\desktop\绘制三角形\debug\rectangle_ps.cso
c:\users\programmerwei\desktop\绘制三角形\debug\绘制三角形.exe
c:\users\programmerwei\desktop\绘制三角形\debug\绘制三角形.ilk
c:\users\programmerwei\desktop\绘制三角形\debug\绘制三角形.pdb
c:\users\programmerwei\desktop\绘制三角形\绘制三角形\debug\绘制三角形.tlog\cl.command.1.tlog
c:\users\programmerwei\desktop\绘制三角形\绘制三角形\debug\绘制三角形.tlog\cl.read.1.tlog
c:\users\programmerwei\desktop\绘制三角形\绘制三角形\debug\绘制三角形.tlog\cl.write.1.tlog
c:\users\programmerwei\desktop\绘制三角形\绘制三角形\debug\绘制三角形.tlog\fxc.command.1.tlog
c:\users\programmerwei\desktop\绘制三角形\绘制三角形\debug\绘制三角形.tlog\fxc.read.1.tlog
c:\users\programmerwei\desktop\绘制三角形\绘制三角形\debug\绘制三角形.tlog\fxc.write.1.tlog
c:\users\programmerwei\desktop\绘制三角形\绘制三角形\debug\绘制三角形.tlog\link.command.1.tlog
c:\users\programmerwei\desktop\绘制三角形\绘制三角形\debug\绘制三角形.tlog\link.read.1.tlog
c:\users\programmerwei\desktop\绘制三角形\绘制三角形\debug\绘制三角形.tlog\link.write.1.tlog
